<?xml version="1.0" encoding="UTF-8"?>
<!-- Generated by org.testng.reporters.JUnitXMLReporter -->
<testsuite ignored="2" hostname="Jaggu" failures="0" tests="3" name="Test" time="98.143" errors="0" timestamp="2024-01-20T14:24:21 IST">
  <testcase classname="com.mystore.testcases.LoginPageTest" name="loginTest" time="10.064"/>
  <testcase classname="com.mystore.testcases.HomePageTest" name="orderHistoryandDetailsTest" time="7.995"/>
  <testcase classname="com.mystore.testcases.HomePageTest" name="wishListTest" time="9.535"/>
  <testcase classname="com.mystore.base.BaseClass" name="@BeforeTest loadConfig" time="0.0">
    <ignored/>
  </testcase> <!-- @BeforeTest loadConfig -->
  <testcase classname="com.mystore.base.BaseClass" name="@BeforeSuite beforeSuite" time="0.0">
    <ignored/>
  </testcase> <!-- @BeforeSuite beforeSuite -->
</testsuite> <!-- Test -->
