<?xml version="1.0" encoding="UTF-8"?>
<testng-results ignored="0" total="1" passed="1" failed="0" skipped="0">
  <reporter-output>
  </reporter-output>
  <suite started-at="2024-03-10T09:36:47 IST" name="Suite" finished-at="2024-03-10T09:37:47 IST" duration-ms="59309">
    <groups>
      <group name="Regression">
        <method signature="EndToEndTest.endToEndTest(java.lang.String,java.lang.String,java.lang.String)[pri:0, instance:com.mystore.testcases.EndToEndTest@561b6512]" name="endToEndTest" class="com.mystore.testcases.EndToEndTest"/>
      </group> <!-- Regression -->
    </groups>
    <test started-at="2024-03-10T09:36:47 IST" name="Test_All" finished-at="2024-03-10T09:37:47 IST" duration-ms="59309">
      <class name="com.mystore.testcases.EndToEndTest">
        <test-method is-config="true" signature="loadConfig()[pri:0, instance:com.mystore.testcases.EndToEndTest@561b6512]" started-at="2024-03-10T09:36:47 IST" name="loadConfig" finished-at="2024-03-10T09:36:47 IST" duration-ms="289" status="PASS">
          <reporter-output>
          </reporter-output>
        </test-method> <!-- loadConfig -->
        <test-method is-config="true" signature="setup(java.lang.String)[pri:0, instance:com.mystore.testcases.EndToEndTest@561b6512]" started-at="2024-03-10T09:36:48 IST" name="setup" finished-at="2024-03-10T09:36:58 IST" duration-ms="10103" status="PASS">
          <params>
            <param index="0">
              <value>
                <![CDATA[Chrome]]>
              </value>
            </param>
          </params>
          <reporter-output>
          </reporter-output>
        </test-method> <!-- setup -->
        <test-method signature="endToEndTest(java.lang.String,java.lang.String,java.lang.String)[pri:0, instance:com.mystore.testcases.EndToEndTest@561b6512]" started-at="2024-03-10T09:36:58 IST" name="endToEndTest" data-provider="getProduct" finished-at="2024-03-10T09:37:46 IST" duration-ms="48058" status="PASS">
          <params>
            <param index="0">
              <value>
                <![CDATA[t-shirt]]>
              </value>
            </param>
            <param index="1">
              <value>
                <![CDATA[2.0]]>
              </value>
            </param>
            <param index="2">
              <value>
                <![CDATA[M]]>
              </value>
            </param>
          </params>
          <reporter-output>
          </reporter-output>
        </test-method> <!-- endToEndTest -->
        <test-method is-config="true" signature="tearDown()[pri:0, instance:com.mystore.testcases.EndToEndTest@561b6512]" started-at="2024-03-10T09:37:46 IST" name="tearDown" finished-at="2024-03-10T09:37:47 IST" duration-ms="399" status="PASS">
          <reporter-output>
          </reporter-output>
        </test-method> <!-- tearDown -->
        <test-method is-config="true" signature="afterSuite()[pri:0, instance:com.mystore.testcases.EndToEndTest@561b6512]" started-at="2024-03-10T09:37:47 IST" name="afterSuite" finished-at="2024-03-10T09:37:47 IST" duration-ms="465" status="PASS">
          <reporter-output>
          </reporter-output>
        </test-method> <!-- afterSuite -->
      </class> <!-- com.mystore.testcases.EndToEndTest -->
    </test> <!-- Test_All -->
  </suite> <!-- Suite -->
</testng-results>
